project/android/atezhare/app/build/intermediates/manifest_merge_blame_file/release/manifest-merger-blame-release-report.txt
1<?xml version="1.0" encoding="utf-8"?>
2<!--
3    AndroidManifest.xml
4    Declares all activities, permissions, and app metadata for Atezhare.
5    Permissions: INTERNET (Retrofit calls), CAMERA (QR scanning in SendFragment),
6    READ_EXTERNAL_STORAGE / READ_MEDIA_* (file picking in DirectoryFragment)
7-->
8<manifest xmlns:android="http://schemas.android.com/apk/res/android"
9    package="com.atezhare"
10    android:versionCode="1"
11    android:versionName="1.0" >
12
13    <uses-sdk
14        android:minSdkVersion="24"
15        android:targetSdkVersion="34" />
16
17    <!-- Network permission — required for all Retrofit calls in network/ApiService -->
18    <uses-permission android:name="android.permission.INTERNET" />
18-->src\main\AndroidManifest.xml:11:5-67
18-->src\main\AndroidManifest.xml:11:22-64
19
20    <!-- Camera permission — required for QR scanning in ui/send/SendFragment -->
21    <uses-permission android:name="android.permission.CAMERA" />
21-->src\main\AndroidManifest.xml:14:5-65
21-->src\main\AndroidManifest.xml:14:22-62
22
23    <uses-feature
23-->src\main\AndroidManifest.xml:15:5-85
24        android:name="android.hardware.camera"
24-->src\main\AndroidManifest.xml:15:19-57
25        android:required="false" />
25-->src\main\AndroidManifest.xml:15:58-82
26
27    <!-- Storage permissions — required for file picking in ui/directory/DirectoryFragment -->
28    <uses-permission
28-->src\main\AndroidManifest.xml:18:5-19:38
29        android:name="android.permission.READ_EXTERNAL_STORAGE"
29-->src\main\AndroidManifest.xml:18:22-77
30        android:maxSdkVersion="32" />
30-->src\main\AndroidManifest.xml:19:9-35
31    <uses-permission android:name="android.permission.READ_MEDIA_IMAGES" />
31-->src\main\AndroidManifest.xml:20:5-76
31-->src\main\AndroidManifest.xml:20:22-73
32    <uses-permission android:name="android.permission.READ_MEDIA_VIDEO" />
32-->src\main\AndroidManifest.xml:21:5-75
32-->src\main\AndroidManifest.xml:21:22-72
33    <uses-permission android:name="android.permission.READ_MEDIA_AUDIO" />
33-->src\main\AndroidManifest.xml:22:5-75
33-->src\main\AndroidManifest.xml:22:22-72
34
35    <permission
35-->[androidx.core:core:1.12.0] AndroidManifest.xml:22:5-24:47
36        android:name="com.atezhare.DYNAMIC_RECEIVER_NOT_EXPORTED_PERMISSION"
36-->[androidx.core:core:1.12.0] AndroidManifest.xml:23:9-81
37        android:protectionLevel="signature" />
37-->[androidx.core:core:1.12.0] AndroidManifest.xml:24:9-44
38
39    <uses-permission android:name="com.atezhare.DYNAMIC_RECEIVER_NOT_EXPORTED_PERMISSION" />
39-->[androidx.core:core:1.12.0] AndroidManifest.xml:26:5-97
39-->[androidx.core:core:1.12.0] AndroidManifest.xml:26:22-94
40
41    <uses-feature
41-->[com.journeyapps:zxing-android-embedded:4.3.0] AndroidManifest.xml:28:5-30:36
42        android:name="android.hardware.camera.front"
42-->[com.journeyapps:zxing-android-embedded:4.3.0] AndroidManifest.xml:29:9-53
43        android:required="false" /> <!-- TODO replace above two with next line after Android 4.2 -->
43-->[com.journeyapps:zxing-android-embedded:4.3.0] AndroidManifest.xml:30:9-33
44    <!-- <uses-feature android:name="android.hardware.camera.any"/> -->
45    <uses-feature
45-->[com.journeyapps:zxing-android-embedded:4.3.0] AndroidManifest.xml:33:5-35:36
46        android:name="android.hardware.camera.autofocus"
46-->[com.journeyapps:zxing-android-embedded:4.3.0] AndroidManifest.xml:34:9-57
47        android:required="false" />
47-->[com.journeyapps:zxing-android-embedded:4.3.0] AndroidManifest.xml:35:9-33
48    <uses-feature
48-->[com.journeyapps:zxing-android-embedded:4.3.0] AndroidManifest.xml:36:5-38:36
49        android:name="android.hardware.camera.flash"
49-->[com.journeyapps:zxing-android-embedded:4.3.0] AndroidManifest.xml:37:9-53
50        android:required="false" />
50-->[com.journeyapps:zxing-android-embedded:4.3.0] AndroidManifest.xml:38:9-33
51    <uses-feature
51-->[com.journeyapps:zxing-android-embedded:4.3.0] AndroidManifest.xml:39:5-41:36
52        android:name="android.hardware.screen.landscape"
52-->[com.journeyapps:zxing-android-embedded:4.3.0] AndroidManifest.xml:40:9-57
53        android:required="false" />
53-->[com.journeyapps:zxing-android-embedded:4.3.0] AndroidManifest.xml:41:9-33
54    <uses-feature
54-->[com.journeyapps:zxing-android-embedded:4.3.0] AndroidManifest.xml:42:5-44:36
55        android:name="android.hardware.wifi"
55-->[com.journeyapps:zxing-android-embedded:4.3.0] AndroidManifest.xml:43:9-45
56        android:required="false" />
56-->[com.journeyapps:zxing-android-embedded:4.3.0] AndroidManifest.xml:44:9-33
57
58    <application
58-->src\main\AndroidManifest.xml:24:5-75:19
59        android:allowBackup="true"
59-->src\main\AndroidManifest.xml:25:9-35
60        android:appComponentFactory="androidx.core.app.CoreComponentFactory"
60-->[androidx.core:core:1.12.0] AndroidManifest.xml:28:18-86
61        android:extractNativeLibs="false"
62        android:icon="@mipmap/ic_launcher"
62-->src\main\AndroidManifest.xml:26:9-43
63        android:label="@string/app_name"
63-->src\main\AndroidManifest.xml:28:9-41
64        android:roundIcon="@mipmap/ic_launcher_round"
64-->src\main\AndroidManifest.xml:27:9-54
65        android:supportsRtl="true"
65-->src\main\AndroidManifest.xml:29:9-35
66        android:theme="@style/Theme.Atezhare"
66-->src\main\AndroidManifest.xml:30:9-46
67        android:usesCleartextTraffic="true" >
67-->src\main\AndroidManifest.xml:31:9-44
68
69        <!-- SplashActivity — entry point, checks session via utils/SessionManager -->
70        <activity
70-->src\main\AndroidManifest.xml:34:9-42:20
71            android:name="com.atezhare.ui.auth.SplashActivity"
71-->src\main\AndroidManifest.xml:35:13-51
72            android:exported="true"
72-->src\main\AndroidManifest.xml:36:13-36
73            android:theme="@style/Theme.Atezhare.Splash" >
73-->src\main\AndroidManifest.xml:37:13-57
74            <intent-filter>
74-->src\main\AndroidManifest.xml:38:13-41:29
75                <action android:name="android.intent.action.MAIN" />
75-->src\main\AndroidManifest.xml:39:17-69
75-->src\main\AndroidManifest.xml:39:25-66
76
77                <category android:name="android.intent.category.LAUNCHER" />
77-->src\main\AndroidManifest.xml:40:17-77
77-->src\main\AndroidManifest.xml:40:27-74
78            </intent-filter>
79        </activity>
80
81        <!-- LoginActivity — shown if user is not logged in -->
82        <activity
82-->src\main\AndroidManifest.xml:45:9-47:40
83            android:name="com.atezhare.ui.auth.LoginActivity"
83-->src\main\AndroidManifest.xml:46:13-50
84            android:exported="false" />
84-->src\main\AndroidManifest.xml:47:13-37
85
86        <!-- SignUpActivity — register new users via Supabase Auth -->
87        <activity
87-->src\main\AndroidManifest.xml:50:9-52:40
88            android:name="com.atezhare.ui.auth.SignUpActivity"
88-->src\main\AndroidManifest.xml:51:13-51
89            android:exported="false" />
89-->src\main\AndroidManifest.xml:52:13-37
90
91        <!-- MainActivity — hosts NavController, BottomNav, Toolbar, DrawerLayout -->
92        <activity
92-->src\main\AndroidManifest.xml:55:9-57:40
93            android:name="com.atezhare.ui.home.MainActivity"
93-->src\main\AndroidManifest.xml:56:13-49
94            android:exported="false" />
94-->src\main\AndroidManifest.xml:57:13-37
95
96        <!-- SendActivity — standalone QR scanner screen (no toolbar/bottom nav) -->
97        <activity
97-->src\main\AndroidManifest.xml:60:9-63:65
98            android:name="com.atezhare.ui.send.SendActivity"
98-->src\main\AndroidManifest.xml:61:13-49
99            android:exported="false"
99-->src\main\AndroidManifest.xml:62:13-37
100            android:theme="@style/Theme.Atezhare.NoActionBar" />
100-->src\main\AndroidManifest.xml:63:13-62
101
102        <provider
103            android:name="androidx.core.content.FileProvider"
103-->src\main\AndroidManifest.xml:66:13-62
104            android:authorities="com.atezhare.provider"
104-->src\main\AndroidManifest.xml:67:13-60
105            android:exported="false"
105-->src\main\AndroidManifest.xml:68:13-37
106            android:grantUriPermissions="true" >
106-->src\main\AndroidManifest.xml:69:13-47
107            <meta-data
107-->src\main\AndroidManifest.xml:70:13-72:54
108                android:name="android.support.FILE_PROVIDER_PATHS"
108-->src\main\AndroidManifest.xml:71:17-67
109                android:resource="@xml/file_paths" />
109-->src\main\AndroidManifest.xml:72:17-51
110        </provider>
111
112        <service
112-->[androidx.room:room-runtime:2.6.1] AndroidManifest.xml:24:9-28:63
113            android:name="androidx.room.MultiInstanceInvalidationService"
113-->[androidx.room:room-runtime:2.6.1] AndroidManifest.xml:25:13-74
114            android:directBootAware="true"
114-->[androidx.room:room-runtime:2.6.1] AndroidManifest.xml:26:13-43
115            android:exported="false" />
115-->[androidx.room:room-runtime:2.6.1] AndroidManifest.xml:27:13-37
116        <service
116-->[androidx.camera:camera-camera2:1.3.1] AndroidManifest.xml:24:9-33:19
117            android:name="androidx.camera.core.impl.MetadataHolderService"
117-->[androidx.camera:camera-camera2:1.3.1] AndroidManifest.xml:25:13-75
118            android:enabled="false"
118-->[androidx.camera:camera-camera2:1.3.1] AndroidManifest.xml:26:13-36
119            android:exported="false" >
119-->[androidx.camera:camera-camera2:1.3.1] AndroidManifest.xml:27:13-37
120            <meta-data
120-->[androidx.camera:camera-camera2:1.3.1] AndroidManifest.xml:30:13-32:89
121                android:name="androidx.camera.core.impl.MetadataHolderService.DEFAULT_CONFIG_PROVIDER"
121-->[androidx.camera:camera-camera2:1.3.1] AndroidManifest.xml:31:17-103
122                android:value="androidx.camera.camera2.Camera2Config$DefaultProvider" />
122-->[androidx.camera:camera-camera2:1.3.1] AndroidManifest.xml:32:17-86
123        </service>
124
125        <provider
125-->[androidx.emoji2:emoji2:1.2.0] AndroidManifest.xml:24:9-32:20
126            android:name="androidx.startup.InitializationProvider"
126-->[androidx.emoji2:emoji2:1.2.0] AndroidManifest.xml:25:13-67
127            android:authorities="com.atezhare.androidx-startup"
127-->[androidx.emoji2:emoji2:1.2.0] AndroidManifest.xml:26:13-68
128            android:exported="false" >
128-->[androidx.emoji2:emoji2:1.2.0] AndroidManifest.xml:27:13-37
129            <meta-data
129-->[androidx.emoji2:emoji2:1.2.0] AndroidManifest.xml:29:13-31:52
130                android:name="androidx.emoji2.text.EmojiCompatInitializer"
130-->[androidx.emoji2:emoji2:1.2.0] AndroidManifest.xml:30:17-75
131                android:value="androidx.startup" />
131-->[androidx.emoji2:emoji2:1.2.0] AndroidManifest.xml:31:17-49
132            <meta-data
132-->[io.github.jan-tennert.supabase:storage-kt-android:3.0.0] AndroidManifest.xml:14:13-16:52
133                android:name="io.github.jan.supabase.storage.SupabaseInitializer"
133-->[io.github.jan-tennert.supabase:storage-kt-android:3.0.0] AndroidManifest.xml:15:17-82
134                android:value="androidx.startup" />
134-->[io.github.jan-tennert.supabase:storage-kt-android:3.0.0] AndroidManifest.xml:16:17-49
135            <meta-data
135-->[io.github.jan-tennert.supabase:auth-kt-android:3.0.0] AndroidManifest.xml:14:13-16:52
136                android:name="io.github.jan.supabase.auth.SupabaseInitializer"
136-->[io.github.jan-tennert.supabase:auth-kt-android:3.0.0] AndroidManifest.xml:15:17-79
137                android:value="androidx.startup" />
137-->[io.github.jan-tennert.supabase:auth-kt-android:3.0.0] AndroidManifest.xml:16:17-49
138            <meta-data
138-->[androidx.lifecycle:lifecycle-process:2.8.6] AndroidManifest.xml:29:13-31:52
139                android:name="androidx.lifecycle.ProcessLifecycleInitializer"
139-->[androidx.lifecycle:lifecycle-process:2.8.6] AndroidManifest.xml:30:17-78
140                android:value="androidx.startup" />
140-->[androidx.lifecycle:lifecycle-process:2.8.6] AndroidManifest.xml:31:17-49
141            <meta-data
141-->[com.russhwolf:multiplatform-settings-no-arg-android:1.2.0] AndroidManifest.xml:29:13-31:52
142                android:name="com.russhwolf.settings.SettingsInitializer"
142-->[com.russhwolf:multiplatform-settings-no-arg-android:1.2.0] AndroidManifest.xml:30:17-74
143                android:value="androidx.startup" />
143-->[com.russhwolf:multiplatform-settings-no-arg-android:1.2.0] AndroidManifest.xml:31:17-49
144            <meta-data
144-->[androidx.profileinstaller:profileinstaller:1.3.1] AndroidManifest.xml:29:13-31:52
145                android:name="androidx.profileinstaller.ProfileInstallerInitializer"
145-->[androidx.profileinstaller:profileinstaller:1.3.1] AndroidManifest.xml:30:17-85
146                android:value="androidx.startup" />
146-->[androidx.profileinstaller:profileinstaller:1.3.1] AndroidManifest.xml:31:17-49
147        </provider>
148
149        <uses-library
149-->[androidx.window:window:1.0.0] AndroidManifest.xml:25:9-27:40
150            android:name="androidx.window.extensions"
150-->[androidx.window:window:1.0.0] AndroidManifest.xml:26:13-54
151            android:required="false" />
151-->[androidx.window:window:1.0.0] AndroidManifest.xml:27:13-37
152        <uses-library
152-->[androidx.window:window:1.0.0] AndroidManifest.xml:28:9-30:40
153            android:name="androidx.window.sidecar"
153-->[androidx.window:window:1.0.0] AndroidManifest.xml:29:13-51
154            android:required="false" />
154-->[androidx.window:window:1.0.0] AndroidManifest.xml:30:13-37
155
156        <receiver
156-->[androidx.profileinstaller:profileinstaller:1.3.1] AndroidManifest.xml:34:9-52:20
157            android:name="androidx.profileinstaller.ProfileInstallReceiver"
157-->[androidx.profileinstaller:profileinstaller:1.3.1] AndroidManifest.xml:35:13-76
158            android:directBootAware="false"
158-->[androidx.profileinstaller:profileinstaller:1.3.1] AndroidManifest.xml:36:13-44
159            android:enabled="true"
159-->[androidx.profileinstaller:profileinstaller:1.3.1] AndroidManifest.xml:37:13-35
160            android:exported="true"
160-->[androidx.profileinstaller:profileinstaller:1.3.1] AndroidManifest.xml:38:13-36
161            android:permission="android.permission.DUMP" >
161-->[androidx.profileinstaller:profileinstaller:1.3.1] AndroidManifest.xml:39:13-57
162            <intent-filter>
162-->[androidx.profileinstaller:profileinstaller:1.3.1] AndroidManifest.xml:40:13-42:29
163                <action android:name="androidx.profileinstaller.action.INSTALL_PROFILE" />
163-->[androidx.profileinstaller:profileinstaller:1.3.1] AndroidManifest.xml:41:17-91
163-->[androidx.profileinstaller:profileinstaller:1.3.1] AndroidManifest.xml:41:25-88
164            </intent-filter>
165            <intent-filter>
165-->[androidx.profileinstaller:profileinstaller:1.3.1] AndroidManifest.xml:43:13-45:29
166                <action android:name="androidx.profileinstaller.action.SKIP_FILE" />
166-->[androidx.profileinstaller:profileinstaller:1.3.1] AndroidManifest.xml:44:17-85
166-->[androidx.profileinstaller:profileinstaller:1.3.1] AndroidManifest.xml:44:25-82
167            </intent-filter>
168            <intent-filter>
168-->[androidx.profileinstaller:profileinstaller:1.3.1] AndroidManifest.xml:46:13-48:29
169                <action android:name="androidx.profileinstaller.action.SAVE_PROFILE" />
169-->[androidx.profileinstaller:profileinstaller:1.3.1] AndroidManifest.xml:47:17-88
169-->[androidx.profileinstaller:profileinstaller:1.3.1] AndroidManifest.xml:47:25-85
170            </intent-filter>
171            <intent-filter>
171-->[androidx.profileinstaller:profileinstaller:1.3.1] AndroidManifest.xml:49:13-51:29
172                <action android:name="androidx.profileinstaller.action.BENCHMARK_OPERATION" />
172-->[androidx.profileinstaller:profileinstaller:1.3.1] AndroidManifest.xml:50:17-95
172-->[androidx.profileinstaller:profileinstaller:1.3.1] AndroidManifest.xml:50:25-92
173            </intent-filter>
174        </receiver>
175
176        <activity
176-->[com.journeyapps:zxing-android-embedded:4.3.0] AndroidManifest.xml:47:9-53:63
177            android:name="com.journeyapps.barcodescanner.CaptureActivity"
177-->[com.journeyapps:zxing-android-embedded:4.3.0] AndroidManifest.xml:48:13-74
178            android:clearTaskOnLaunch="true"
178-->[com.journeyapps:zxing-android-embedded:4.3.0] AndroidManifest.xml:49:13-45
179            android:screenOrientation="sensorLandscape"
179-->[com.journeyapps:zxing-android-embedded:4.3.0] AndroidManifest.xml:50:13-56
180            android:stateNotNeeded="true"
180-->[com.journeyapps:zxing-android-embedded:4.3.0] AndroidManifest.xml:51:13-42
181            android:theme="@style/zxing_CaptureTheme"
181-->[com.journeyapps:zxing-android-embedded:4.3.0] AndroidManifest.xml:52:13-54
182            android:windowSoftInputMode="stateAlwaysHidden" />
182-->[com.journeyapps:zxing-android-embedded:4.3.0] AndroidManifest.xml:53:13-60
183    </application>
184
185</manifest>